{"level":"info","message":"info: Formula type not found","timestamp":"2023-04-21T14:43:06.638Z"}
{"level":"error","message":"Fail to add deposit, Error: Fail to insert deposit record, DataError: insert into `deposits` (`amount`, `created_at`, `deposit_type`, `portfolio`) values ('12.1232', '2023-04-21T14:48:34.193Z', 'monthly', 'retirement') - Incorrect datetime value: '2023-04-21T14:48:34.193Z' for column 'created_at' at row 1","timestamp":"2023-04-21T14:48:34.264Z"}
{"level":"info","message":"info: Fail to add deposit","timestamp":"2023-04-21T14:48:34.266Z"}
{"level":"error","message":"Fail to add deposit, Error: Fail to insert deposit record, DataError: insert into `deposits` (`amount`, `created_at`, `deposit_type`, `portfolio`) values ('12.1232', '2023-04-21T14:49:22.117Z', 'monthly', 'retirement') - Incorrect datetime value: '2023-04-21T14:49:22.117Z' for column 'created_at' at row 1","timestamp":"2023-04-21T14:49:22.187Z"}
{"level":"info","message":"info: Fail to add deposit","timestamp":"2023-04-21T14:49:22.190Z"}
{"level":"error","message":"error: Cannot destructure property 'bank_name' of 'req.body' as it is undefined.","timestamp":"2023-04-23T09:10:29.458Z"}
{"level":"error","message":"error: Cannot destructure property 'bank_name' of 'req.body' as it is undefined.","timestamp":"2023-04-23T09:10:47.094Z"}
{"level":"error","message":"error: Cannot destructure property 'bank_name' of 'req.body' as it is undefined.","timestamp":"2023-04-23T09:10:48.938Z"}
{"level":"error","message":"Fail to add deposit, Error: Fail to insert deposit record, Error: connect ECONNREFUSED 127.0.0.1:3306","timestamp":"2023-04-23T09:12:12.407Z"}
{"level":"info","message":"info: Fail to add deposit","timestamp":"2023-04-23T09:12:12.409Z"}
{"level":"error","message":"Fail to add deposit, Error: Fail to insert deposit record, Error: connect ECONNREFUSED 127.0.0.1:3306","timestamp":"2023-04-23T09:13:35.060Z"}
{"level":"info","message":"info: Fail to add deposit","timestamp":"2023-04-23T09:13:35.062Z"}
{"level":"error","message":"Fail to add deposit, Error: Fail to insert deposit record, Error: connect ECONNREFUSED 127.0.0.1:3306","timestamp":"2023-04-23T09:15:11.894Z"}
{"level":"info","message":"info: Fail to add deposit","timestamp":"2023-04-23T09:15:11.897Z"}
{"level":"error","message":"Fail to add deposit, Error: Fail to insert deposit record, Error: connect ECONNREFUSED 127.0.0.1:3306","timestamp":"2023-04-23T09:15:28.312Z"}
{"level":"info","message":"info: Fail to add deposit","timestamp":"2023-04-23T09:15:28.314Z"}
{"level":"error","message":"Fail to add deposit, Error: Fail to insert deposit record, Error: connect ECONNREFUSED 127.0.0.1:3306","timestamp":"2023-04-23T09:20:42.312Z"}
{"level":"info","message":"info: Fail to add deposit","timestamp":"2023-04-23T09:20:42.315Z"}
{"level":"info","message":"info: Unexpected token } in JSON at position 69","timestamp":"2023-04-23T09:34:45.797Z"}
{"level":"error","message":"Fail to add deposit, Error: Fail to insert deposit record, Error: connect ECONNREFUSED 127.0.0.1:3306","timestamp":"2023-04-23T09:39:46.361Z"}
{"level":"info","message":"info: Fail to add deposit","timestamp":"2023-04-23T09:39:46.363Z"}
{"level":"error","message":"Fail to add deposit, Error: Fail to insert deposit record, Error: connect ECONNREFUSED 127.0.0.1:3306","timestamp":"2023-04-23T09:40:40.698Z"}
{"level":"info","message":"info: Fail to add deposit","timestamp":"2023-04-23T09:40:40.699Z"}
{"level":"info","message":"info: Unexpected string in JSON at position 21","timestamp":"2023-04-23T10:41:07.313Z"}
{"level":"error","message":"Fail to add deposit, Error: Fail to insert deposit record, ValidationError: userId: must have required property 'userId', bankName: must have required property 'bankName', bankCardNumber: must have required property 'bankCardNumber', depositStatus: must have required property 'depositStatus', amount: must be string","timestamp":"2023-04-23T10:41:09.916Z"}
{"level":"info","message":"info: Fail to add deposit","timestamp":"2023-04-23T10:41:09.917Z"}
{"level":"error","message":"Fail to add deposit, Error: Fail to insert deposit record, ValidationError: userId: must have required property 'userId', bankName: must have required property 'bankName', bankCardNumber: must have required property 'bankCardNumber', depositStatus: must have required property 'depositStatus', amount: must be string","timestamp":"2023-04-23T10:41:38.091Z"}
{"level":"info","message":"info: Fail to add deposit","timestamp":"2023-04-23T10:41:38.092Z"}
{"level":"error","message":"Fail to add deposit, Error: Fail to insert deposit record, ValidationError: depositStatus: must have required property 'depositStatus', amount: must be string","timestamp":"2023-04-23T10:49:01.476Z"}
{"level":"info","message":"info: Fail to add deposit","timestamp":"2023-04-23T10:49:01.479Z"}
{"level":"error","message":"Fail to add deposit, Error: Fail to insert deposit record, ValidationError: amount: must be string","timestamp":"2023-04-23T10:49:44.694Z"}
{"level":"info","message":"info: Fail to add deposit","timestamp":"2023-04-23T10:49:44.696Z"}
{"level":"error","message":"Fail to add deposit, Error: Fail to insert deposit record, DBError: insert into `deposits` (`amount`, `bank_card_number`, `bank_name`, `created_at`, `deposit_date`, `deposit_status`, `deposit_type`, `user_id`) values ('123.123', '1234123412341234', 'cimb', '2023-04-23 10:50:30', '2023-04-23', 'processing', 'one_time', '1') - Unknown column 'bank_card_number' in 'field list'","timestamp":"2023-04-23T10:50:30.552Z"}
{"level":"info","message":"info: Fail to add deposit","timestamp":"2023-04-23T10:50:30.554Z"}
{"level":"error","message":"Fail to add deposit, Error: Fail to insert deposit record, NotNullViolationError: insert into `deposits` (`amount`, `bank_card_number`, `bank_name`, `created_at`, `deposit_date`, `deposit_status`, `deposit_type`, `user_id`) values ('123.123', '1234123412341234', 'cimb', '2023-04-23 10:51:50', '2023-04-23', 'processing', 'one_time', '1') - Field 'portfolio' doesn't have a default value","timestamp":"2023-04-23T10:51:50.039Z"}
{"level":"info","message":"info: Fail to add deposit","timestamp":"2023-04-23T10:51:50.041Z"}
{"level":"error","message":"Fail to add deposit, Error: Fail to insert deposit record, Error: strict mode: unknown keyword: \"scale\"","timestamp":"2023-04-23T10:59:14.885Z"}
{"level":"info","message":"info: Fail to add deposit","timestamp":"2023-04-23T10:59:14.887Z"}
{"level":"error","message":"Fail to add deposit, Error: Fail to insert deposit record, ValidationError: amount: must be number","timestamp":"2023-04-23T11:02:14.074Z"}
{"level":"info","message":"info: Fail to add deposit","timestamp":"2023-04-23T11:02:14.076Z"}
{"level":"error","message":"Fail to add deposit, Error: Fail to insert deposit record, DBError: insert into `deposits` (`amount`, `bank_card_number`, `bank_name`, `created_at`, `deposit_date`, `deposit_status`, `deposit_type`, `user_id`) values (123.123, '1234123412341234', 'cimb', '2023-04-23 11:02:56', '2023-04-23', 'processing', 'one_time', '1') - Unknown column 'bank_name' in 'field list'","timestamp":"2023-04-23T11:02:56.234Z"}
{"level":"info","message":"info: Fail to add deposit","timestamp":"2023-04-23T11:02:56.236Z"}
{"level":"error","message":"Fail to add deposit, Error: Fail to insert deposit portfolio allocation, ValidationError: depositId: must have required property 'depositId'","timestamp":"2023-04-24T11:00:30.264Z"}
{"level":"info","message":"info: Fail to add deposit","timestamp":"2023-04-24T11:00:30.269Z"}
{"level":"error","message":"Fail to add deposit, Error: Fail to insert deposit portfolio allocation, ValidationError: depositId: must have required property 'depositId'","timestamp":"2023-04-24T11:01:11.614Z"}
{"level":"info","message":"info: Fail to add deposit","timestamp":"2023-04-24T11:01:11.618Z"}
{"level":"error","message":"Fail to add deposit, Error: Fail to insert deposit portfolio allocation, ValidationError: depositId: must be string","timestamp":"2023-04-24T11:10:21.031Z"}
{"level":"info","message":"info: Fail to add deposit","timestamp":"2023-04-24T11:10:21.035Z"}
{"level":"error","message":"Fail to add deposit, Error: Fail to insert deposit portfolio allocation, ValidationError: depositId: must be string","timestamp":"2023-04-24T11:11:20.462Z"}
{"level":"info","message":"info: Fail to add deposit","timestamp":"2023-04-24T11:11:20.464Z"}
{"level":"error","message":"Fail to add deposit, Error: Fail to insert deposit portfolio allocation, ValidationError: depositId: must be string","timestamp":"2023-04-24T11:13:06.473Z"}
{"level":"info","message":"info: Fail to add deposit","timestamp":"2023-04-24T11:13:06.478Z"}
{"level":"error","message":"Fail to add deposit, Error: Fail to insert deposit portfolio allocation, ValidationError: depositId: must be string","timestamp":"2023-04-24T11:14:18.283Z"}
{"level":"info","message":"info: Fail to add deposit","timestamp":"2023-04-24T11:14:18.286Z"}
{"level":"error","message":"Fail to add deposit, Error: Fail to insert deposit portfolio allocation, ValidationError: depositId: must be string","timestamp":"2023-04-24T11:16:19.197Z"}
{"level":"info","message":"info: Fail to add deposit","timestamp":"2023-04-24T11:16:19.201Z"}
{"level":"error","message":"Fail to add deposit, Error: Fail to insert deposit portfolio allocation, ValidationError: depositId: must be string","timestamp":"2023-04-24T11:16:51.734Z"}
{"level":"info","message":"info: Fail to add deposit","timestamp":"2023-04-24T11:16:51.737Z"}
{"level":"error","message":"Fail to add deposit, Error: Fail to insert deposit portfolio allocation, Error: batch insert only works with Postgresql and SQL Server","timestamp":"2023-04-24T11:17:21.137Z"}
{"level":"info","message":"info: Fail to add deposit","timestamp":"2023-04-24T11:17:21.147Z"}
{"level":"error","message":"Fail to add deposit, Error: Fail to insert deposit portfolio allocation for Deposit ID: 11 Portfolio: general , DBError: insert into `deposits_portfolio_allocation` (`amount`, `created_at`, `deposit_id`, `portfolio`) values (11.12, '2023-04-24 11:19:26', 11, 'general') - Unknown column 'portfolio' in 'field list'","timestamp":"2023-04-24T11:19:26.882Z"}
{"level":"info","message":"info: Fail to add deposit","timestamp":"2023-04-24T11:19:26.886Z"}
{"level":"error","message":"Fail to add deposit, Error: Fail to insert deposit portfolio allocation for Deposit ID: 12 Portfolio: general , DBError: insert into `deposits_portfolio_allocation` (`amount`, `created_at`, `deposit_id`, `portfolio`) values (11.12, '2023-04-24 11:20:31', 12, 'general') - Unknown column 'portfolio' in 'field list'","timestamp":"2023-04-24T11:20:31.942Z"}
{"level":"info","message":"info: Fail to add deposit","timestamp":"2023-04-24T11:20:31.945Z"}
{"level":"error","message":"Fail to add deposit, Error: Fail to insert deposit portfolio allocation for Deposit ID: 13 Portfolio: general , ValidationError: portfolio: must have required property 'portfolio'","timestamp":"2023-04-24T11:20:45.049Z"}
{"level":"info","message":"info: Fail to add deposit","timestamp":"2023-04-24T11:20:45.053Z"}
{"level":"error","message":"Fail to add deposit, Error: Deposit Portfolio Plan cannot be empty, please enter which portfolio do you want to deposit to.","timestamp":"2023-04-24T11:25:22.566Z"}
{"level":"info","message":"info: Fail to add deposit","timestamp":"2023-04-24T11:25:22.580Z"}
{"level":"error","message":"Fail to add deposit, Error: Deposit Portfolio Plan cannot be empty, please enter which portfolio do you want to deposit to.","timestamp":"2023-04-25T13:47:55.105Z"}
{"level":"info","message":"info: Fail to add deposit","timestamp":"2023-04-25T13:47:55.109Z"}
{"level":"error","message":"Fail to add deposit, DBError: select `deposits_portfolio_allocation`.* from `deposits_portfolio_allocation` where `user_id` = '1' - Unknown column 'user_id' in 'where clause'","timestamp":"2023-04-25T13:49:29.888Z"}
{"level":"info","message":"info: Fail to add deposit","timestamp":"2023-04-25T13:49:29.892Z"}
